{"C:\\Users\\tl\\Documents\\project\\tools\\chrome-extension-auto-fill\\background.js": {"path":"C:\\Users\\tl\\Documents\\project\\tools\\chrome-extension-auto-fill\\background.js","statementMap":{"0":{"start":{"line":4,"column":27},"end":{"line":4,"column":74}},"1":{"start":{"line":6,"column":0},"end":{"line":21,"column":3}},"2":{"start":{"line":7,"column":2},"end":{"line":13,"column":3}},"3":{"start":{"line":8,"column":33},"end":{"line":8,"column":40}},"4":{"start":{"line":9,"column":4},"end":{"line":11,"column":62}},"5":{"start":{"line":10,"column":27},"end":{"line":10,"column":56}},"6":{"start":{"line":11,"column":22},"end":{"line":11,"column":60}},"7":{"start":{"line":12,"column":4},"end":{"line":12,"column":16}},"8":{"start":{"line":15,"column":2},"end":{"line":20,"column":3}},"9":{"start":{"line":16,"column":4},"end":{"line":18,"column":78}},"10":{"start":{"line":17,"column":20},"end":{"line":17,"column":57}},"11":{"start":{"line":18,"column":22},"end":{"line":18,"column":76}},"12":{"start":{"line":19,"column":4},"end":{"line":19,"column":16}},"13":{"start":{"line":24,"column":17},"end":{"line":24,"column":47}},"14":{"start":{"line":25,"column":2},"end":{"line":27,"column":3}},"15":{"start":{"line":26,"column":4},"end":{"line":26,"column":56}},"16":{"start":{"line":29,"column":19},"end":{"line":41,"column":4}},"17":{"start":{"line":43,"column":2},"end":{"line":46,"column":3}},"18":{"start":{"line":44,"column":22},"end":{"line":44,"column":61}},"19":{"start":{"line":44,"column":57},"end":{"line":44,"column":59}},"20":{"start":{"line":45,"column":4},"end":{"line":45,"column":79}},"21":{"start":{"line":48,"column":15},"end":{"line":48,"column":36}},"22":{"start":{"line":49,"column":2},"end":{"line":49,"column":41}}},"fnMap":{"0":{"name":"(anonymous_0)","decl":{"start":{"line":6,"column":37},"end":{"line":6,"column":38}},"loc":{"start":{"line":6,"column":72},"end":{"line":21,"column":1}},"line":6},"1":{"name":"(anonymous_1)","decl":{"start":{"line":10,"column":12},"end":{"line":10,"column":13}},"loc":{"start":{"line":10,"column":27},"end":{"line":10,"column":56}},"line":10},"2":{"name":"(anonymous_2)","decl":{"start":{"line":11,"column":13},"end":{"line":11,"column":14}},"loc":{"start":{"line":11,"column":22},"end":{"line":11,"column":60}},"line":11},"3":{"name":"(anonymous_3)","decl":{"start":{"line":17,"column":12},"end":{"line":17,"column":13}},"loc":{"start":{"line":17,"column":20},"end":{"line":17,"column":57}},"line":17},"4":{"name":"(anonymous_4)","decl":{"start":{"line":18,"column":13},"end":{"line":18,"column":14}},"loc":{"start":{"line":18,"column":22},"end":{"line":18,"column":76}},"line":18},"5":{"name":"handleOpenRouterCall","decl":{"start":{"line":23,"column":15},"end":{"line":23,"column":35}},"loc":{"start":{"line":23,"column":44},"end":{"line":50,"column":1}},"line":23},"6":{"name":"(anonymous_6)","decl":{"start":{"line":44,"column":50},"end":{"line":44,"column":51}},"loc":{"start":{"line":44,"column":57},"end":{"line":44,"column":59}},"line":44}},"branchMap":{"0":{"loc":{"start":{"line":7,"column":2},"end":{"line":13,"column":3}},"type":"if","locations":[{"start":{"line":7,"column":2},"end":{"line":13,"column":3}},{"start":{},"end":{}}],"line":7},"1":{"loc":{"start":{"line":15,"column":2},"end":{"line":20,"column":3}},"type":"if","locations":[{"start":{"line":15,"column":2},"end":{"line":20,"column":3}},{"start":{},"end":{}}],"line":15},"2":{"loc":{"start":{"line":25,"column":2},"end":{"line":27,"column":3}},"type":"if","locations":[{"start":{"line":25,"column":2},"end":{"line":27,"column":3}},{"start":{},"end":{}}],"line":25},"3":{"loc":{"start":{"line":43,"column":2},"end":{"line":46,"column":3}},"type":"if","locations":[{"start":{"line":43,"column":2},"end":{"line":46,"column":3}},{"start":{},"end":{}}],"line":43},"4":{"loc":{"start":{"line":45,"column":20},"end":{"line":45,"column":77}},"type":"binary-expr","locations":[{"start":{"line":45,"column":20},"end":{"line":45,"column":44}},{"start":{"line":45,"column":48},"end":{"line":45,"column":77}}],"line":45}},"s":{"0":10,"1":10,"2":9,"3":4,"4":4,"5":3,"6":1,"7":4,"8":5,"9":5,"10":3,"11":2,"12":5,"13":5,"14":5,"15":1,"16":4,"17":4,"18":1,"19":0,"20":1,"21":3,"22":3},"f":{"0":9,"1":3,"2":1,"3":3,"4":2,"5":5,"6":0},"b":{"0":[4,5],"1":[5,0],"2":[1,4],"3":[1,3],"4":[1,0]},"_coverageSchema":"1a1c01bbd47fc00a2c39e90264f33305004495a9","hash":"16a44189f7593a2f80f96f5e8865f4df646ab24a"}
,"C:\\Users\\tl\\Documents\\project\\tools\\chrome-extension-auto-fill\\content.js": {"path":"C:\\Users\\tl\\Documents\\project\\tools\\chrome-extension-auto-fill\\content.js","statementMap":{"0":{"start":{"line":3,"column":0},"end":{"line":36,"column":3}},"1":{"start":{"line":4,"column":2},"end":{"line":7,"column":3}},"2":{"start":{"line":5,"column":18},"end":{"line":5,"column":44}},"3":{"start":{"line":6,"column":4},"end":{"line":6,"column":28}},"4":{"start":{"line":9,"column":2},"end":{"line":20,"column":3}},"5":{"start":{"line":10,"column":33},"end":{"line":10,"column":40}},"6":{"start":{"line":11,"column":18},"end":{"line":11,"column":77}},"7":{"start":{"line":12,"column":4},"end":{"line":19,"column":5}},"8":{"start":{"line":13,"column":6},"end":{"line":13,"column":26}},"9":{"start":{"line":14,"column":6},"end":{"line":14,"column":65}},"10":{"start":{"line":15,"column":6},"end":{"line":15,"column":66}},"11":{"start":{"line":16,"column":6},"end":{"line":16,"column":38}},"12":{"start":{"line":18,"column":6},"end":{"line":18,"column":55}},"13":{"start":{"line":22,"column":2},"end":{"line":33,"column":3}},"14":{"start":{"line":23,"column":33},"end":{"line":23,"column":40}},"15":{"start":{"line":24,"column":18},"end":{"line":24,"column":77}},"16":{"start":{"line":25,"column":4},"end":{"line":32,"column":5}},"17":{"start":{"line":26,"column":6},"end":{"line":26,"column":46}},"18":{"start":{"line":27,"column":6},"end":{"line":27,"column":47}},"19":{"start":{"line":28,"column":6},"end":{"line":28,"column":35}},"20":{"start":{"line":29,"column":6},"end":{"line":29,"column":38}},"21":{"start":{"line":31,"column":6},"end":{"line":31,"column":55}},"22":{"start":{"line":35,"column":2},"end":{"line":35,"column":14}}},"fnMap":{"0":{"name":"(anonymous_0)","decl":{"start":{"line":3,"column":37},"end":{"line":3,"column":38}},"loc":{"start":{"line":3,"column":72},"end":{"line":36,"column":1}},"line":3}},"branchMap":{"0":{"loc":{"start":{"line":4,"column":2},"end":{"line":7,"column":3}},"type":"if","locations":[{"start":{"line":4,"column":2},"end":{"line":7,"column":3}},{"start":{},"end":{}}],"line":4},"1":{"loc":{"start":{"line":9,"column":2},"end":{"line":20,"column":3}},"type":"if","locations":[{"start":{"line":9,"column":2},"end":{"line":20,"column":3}},{"start":{},"end":{}}],"line":9},"2":{"loc":{"start":{"line":12,"column":4},"end":{"line":19,"column":5}},"type":"if","locations":[{"start":{"line":12,"column":4},"end":{"line":19,"column":5}},{"start":{"line":17,"column":11},"end":{"line":19,"column":5}}],"line":12},"3":{"loc":{"start":{"line":22,"column":2},"end":{"line":33,"column":3}},"type":"if","locations":[{"start":{"line":22,"column":2},"end":{"line":33,"column":3}},{"start":{},"end":{}}],"line":22},"4":{"loc":{"start":{"line":25,"column":4},"end":{"line":32,"column":5}},"type":"if","locations":[{"start":{"line":25,"column":4},"end":{"line":32,"column":5}},{"start":{"line":30,"column":11},"end":{"line":32,"column":5}}],"line":25}},"s":{"0":6,"1":5,"2":2,"3":2,"4":5,"5":3,"6":3,"7":0,"8":0,"9":0,"10":0,"11":0,"12":0,"13":2,"14":0,"15":0,"16":0,"17":0,"18":0,"19":0,"20":0,"21":0,"22":2},"f":{"0":5},"b":{"0":[2,3],"1":[3,2],"2":[0,0],"3":[0,2],"4":[0,0]},"_coverageSchema":"1a1c01bbd47fc00a2c39e90264f33305004495a9","hash":"8a24a689aeb59d2c41093e5bdd1388074f22f9f7"}
,"C:\\Users\\tl\\Documents\\project\\tools\\chrome-extension-auto-fill\\utils\\ai-filler.js": {"path":"C:\\Users\\tl\\Documents\\project\\tools\\chrome-extension-auto-fill\\utils\\ai-filler.js","statementMap":{"0":{"start":{"line":3,"column":17},"end":{"line":51,"column":1}},"1":{"start":{"line":5,"column":19},"end":{"line":5,"column":53}},"2":{"start":{"line":6,"column":21},"end":{"line":6,"column":58}},"3":{"start":{"line":7,"column":4},"end":{"line":7,"column":48}},"4":{"start":{"line":11,"column":23},"end":{"line":13,"column":16}},"5":{"start":{"line":12,"column":6},"end":{"line":12,"column":62}},"6":{"start":{"line":15,"column":25},"end":{"line":17,"column":17}},"7":{"start":{"line":16,"column":29},"end":{"line":16,"column":47}},"8":{"start":{"line":19,"column":4},"end":{"line":28,"column":3}},"9":{"start":{"line":32,"column":4},"end":{"line":49,"column":5}},"10":{"start":{"line":33,"column":26},"end":{"line":33,"column":46}},"11":{"start":{"line":34,"column":6},"end":{"line":41,"column":9}},"12":{"start":{"line":35,"column":27},"end":{"line":35,"column":76}},"13":{"start":{"line":35,"column":49},"end":{"line":35,"column":75}},"14":{"start":{"line":36,"column":8},"end":{"line":40,"column":10}},"15":{"start":{"line":43,"column":6},"end":{"line":43,"column":40}},"16":{"start":{"line":44,"column":6},"end":{"line":48,"column":10}},"17":{"start":{"line":44,"column":34},"end":{"line":48,"column":7}}},"fnMap":{"0":{"name":"(anonymous_0)","decl":{"start":{"line":4,"column":2},"end":{"line":4,"column":3}},"loc":{"start":{"line":4,"column":45},"end":{"line":8,"column":3}},"line":4},"1":{"name":"(anonymous_1)","decl":{"start":{"line":10,"column":2},"end":{"line":10,"column":3}},"loc":{"start":{"line":10,"column":32},"end":{"line":29,"column":3}},"line":10},"2":{"name":"(anonymous_2)","decl":{"start":{"line":11,"column":34},"end":{"line":11,"column":35}},"loc":{"start":{"line":12,"column":6},"end":{"line":12,"column":62}},"line":12},"3":{"name":"(anonymous_3)","decl":{"start":{"line":16,"column":11},"end":{"line":16,"column":12}},"loc":{"start":{"line":16,"column":29},"end":{"line":16,"column":47}},"line":16},"4":{"name":"(anonymous_4)","decl":{"start":{"line":31,"column":2},"end":{"line":31,"column":3}},"loc":{"start":{"line":31,"column":34},"end":{"line":50,"column":3}},"line":31},"5":{"name":"(anonymous_5)","decl":{"start":{"line":34,"column":24},"end":{"line":34,"column":25}},"loc":{"start":{"line":34,"column":33},"end":{"line":41,"column":7}},"line":34},"6":{"name":"(anonymous_6)","decl":{"start":{"line":35,"column":44},"end":{"line":35,"column":45}},"loc":{"start":{"line":35,"column":49},"end":{"line":35,"column":75}},"line":35},"7":{"name":"(anonymous_7)","decl":{"start":{"line":44,"column":24},"end":{"line":44,"column":25}},"loc":{"start":{"line":44,"column":34},"end":{"line":48,"column":7}},"line":44}},"branchMap":{"0":{"loc":{"start":{"line":12,"column":46},"end":{"line":12,"column":60}},"type":"binary-expr","locations":[{"start":{"line":12,"column":46},"end":{"line":12,"column":53}},{"start":{"line":12,"column":57},"end":{"line":12,"column":60}}],"line":12},"1":{"loc":{"start":{"line":38,"column":22},"end":{"line":38,"column":61}},"type":"cond-expr","locations":[{"start":{"line":38,"column":35},"end":{"line":38,"column":56}},{"start":{"line":38,"column":59},"end":{"line":38,"column":61}}],"line":38},"2":{"loc":{"start":{"line":39,"column":22},"end":{"line":39,"column":60}},"type":"cond-expr","locations":[{"start":{"line":39,"column":35},"end":{"line":39,"column":56}},{"start":{"line":39,"column":59},"end":{"line":39,"column":60}}],"line":39}},"s":{"0":1,"1":2,"2":2,"3":2,"4":3,"5":4,"6":3,"7":4,"8":3,"9":2,"10":2,"11":1,"12":2,"13":3,"14":2,"15":1,"16":1,"17":1},"f":{"0":2,"1":3,"2":4,"3":4,"4":2,"5":2,"6":3,"7":1},"b":{"0":[4,0],"1":[2,0],"2":[2,0]},"_coverageSchema":"1a1c01bbd47fc00a2c39e90264f33305004495a9","hash":"53a0829c760f211da2b9816fac9ebdabeea3c6df"}
,"C:\\Users\\tl\\Documents\\project\\tools\\chrome-extension-auto-fill\\utils\\api.js": {"path":"C:\\Users\\tl\\Documents\\project\\tools\\chrome-extension-auto-fill\\utils\\api.js","statementMap":{"0":{"start":{"line":1,"column":17},"end":{"line":21,"column":1}},"1":{"start":{"line":3,"column":4},"end":{"line":19,"column":7}},"2":{"start":{"line":4,"column":6},"end":{"line":18,"column":8}},"3":{"start":{"line":7,"column":10},"end":{"line":10,"column":11}},"4":{"start":{"line":8,"column":12},"end":{"line":8,"column":64}},"5":{"start":{"line":9,"column":12},"end":{"line":9,"column":19}},"6":{"start":{"line":12,"column":10},"end":{"line":16,"column":11}},"7":{"start":{"line":13,"column":12},"end":{"line":13,"column":35}},"8":{"start":{"line":15,"column":12},"end":{"line":15,"column":46}}},"fnMap":{"0":{"name":"(anonymous_0)","decl":{"start":{"line":2,"column":2},"end":{"line":2,"column":3}},"loc":{"start":{"line":2,"column":31},"end":{"line":20,"column":3}},"line":2},"1":{"name":"(anonymous_1)","decl":{"start":{"line":3,"column":23},"end":{"line":3,"column":24}},"loc":{"start":{"line":3,"column":44},"end":{"line":19,"column":5}},"line":3},"2":{"name":"(anonymous_2)","decl":{"start":{"line":6,"column":8},"end":{"line":6,"column":9}},"loc":{"start":{"line":6,"column":22},"end":{"line":17,"column":9}},"line":6}},"branchMap":{"0":{"loc":{"start":{"line":7,"column":10},"end":{"line":10,"column":11}},"type":"if","locations":[{"start":{"line":7,"column":10},"end":{"line":10,"column":11}},{"start":{},"end":{}}],"line":7},"1":{"loc":{"start":{"line":12,"column":10},"end":{"line":16,"column":11}},"type":"if","locations":[{"start":{"line":12,"column":10},"end":{"line":16,"column":11}},{"start":{"line":14,"column":17},"end":{"line":16,"column":11}}],"line":12}},"s":{"0":1,"1":3,"2":3,"3":3,"4":1,"5":1,"6":2,"7":1,"8":1},"f":{"0":3,"1":3,"2":3},"b":{"0":[1,2],"1":[1,1]},"_coverageSchema":"1a1c01bbd47fc00a2c39e90264f33305004495a9","hash":"6e75c2dda9d7629f013b7448dec81c045d32d8cf"}
,"C:\\Users\\tl\\Documents\\project\\tools\\chrome-extension-auto-fill\\utils\\form-detector.js": {"path":"C:\\Users\\tl\\Documents\\project\\tools\\chrome-extension-auto-fill\\utils\\form-detector.js","statementMap":{"0":{"start":{"line":1,"column":21},"end":{"line":50,"column":1}},"1":{"start":{"line":3,"column":18},"end":{"line":3,"column":51}},"2":{"start":{"line":4,"column":4},"end":{"line":9,"column":8}},"3":{"start":{"line":4,"column":51},"end":{"line":9,"column":5}},"4":{"start":{"line":13,"column":19},"end":{"line":13,"column":67}},"5":{"start":{"line":14,"column":4},"end":{"line":14,"column":69}},"6":{"start":{"line":14,"column":43},"end":{"line":14,"column":67}},"7":{"start":{"line":18,"column":18},"end":{"line":18,"column":43}},"8":{"start":{"line":19,"column":20},"end":{"line":19,"column":47}},"9":{"start":{"line":20,"column":15},"end":{"line":20,"column":22}},"10":{"start":{"line":21,"column":4},"end":{"line":23,"column":5}},"11":{"start":{"line":22,"column":6},"end":{"line":22,"column":34}},"12":{"start":{"line":24,"column":4},"end":{"line":31,"column":6}},"13":{"start":{"line":35,"column":4},"end":{"line":38,"column":5}},"14":{"start":{"line":36,"column":20},"end":{"line":36,"column":70}},"15":{"start":{"line":37,"column":6},"end":{"line":37,"column":49}},"16":{"start":{"line":37,"column":17},"end":{"line":37,"column":49}},"17":{"start":{"line":40,"column":24},"end":{"line":40,"column":46}},"18":{"start":{"line":41,"column":4},"end":{"line":41,"column":59}},"19":{"start":{"line":41,"column":21},"end":{"line":41,"column":59}},"20":{"start":{"line":43,"column":28},"end":{"line":43,"column":56}},"21":{"start":{"line":44,"column":4},"end":{"line":46,"column":5}},"22":{"start":{"line":45,"column":6},"end":{"line":45,"column":48}},"23":{"start":{"line":48,"column":4},"end":{"line":48,"column":14}}},"fnMap":{"0":{"name":"(anonymous_0)","decl":{"start":{"line":2,"column":2},"end":{"line":2,"column":3}},"loc":{"start":{"line":2,"column":16},"end":{"line":10,"column":3}},"line":2},"1":{"name":"(anonymous_1)","decl":{"start":{"line":4,"column":33},"end":{"line":4,"column":34}},"loc":{"start":{"line":4,"column":51},"end":{"line":9,"column":5}},"line":4},"2":{"name":"(anonymous_2)","decl":{"start":{"line":12,"column":2},"end":{"line":12,"column":3}},"loc":{"start":{"line":12,"column":22},"end":{"line":15,"column":3}},"line":12},"3":{"name":"(anonymous_3)","decl":{"start":{"line":14,"column":34},"end":{"line":14,"column":35}},"loc":{"start":{"line":14,"column":43},"end":{"line":14,"column":67}},"line":14},"4":{"name":"(anonymous_4)","decl":{"start":{"line":17,"column":2},"end":{"line":17,"column":3}},"loc":{"start":{"line":17,"column":22},"end":{"line":32,"column":3}},"line":17},"5":{"name":"(anonymous_5)","decl":{"start":{"line":34,"column":2},"end":{"line":34,"column":3}},"loc":{"start":{"line":34,"column":23},"end":{"line":49,"column":3}},"line":34}},"branchMap":{"0":{"loc":{"start":{"line":6,"column":14},"end":{"line":6,"column":47}},"type":"binary-expr","locations":[{"start":{"line":6,"column":14},"end":{"line":6,"column":41}},{"start":{"line":6,"column":45},"end":{"line":6,"column":47}}],"line":6},"1":{"loc":{"start":{"line":7,"column":14},"end":{"line":7,"column":47}},"type":"binary-expr","locations":[{"start":{"line":7,"column":14},"end":{"line":7,"column":41}},{"start":{"line":7,"column":45},"end":{"line":7,"column":47}}],"line":7},"2":{"loc":{"start":{"line":21,"column":4},"end":{"line":23,"column":5}},"type":"if","locations":[{"start":{"line":21,"column":4},"end":{"line":23,"column":5}},{"start":{},"end":{}}],"line":21},"3":{"loc":{"start":{"line":22,"column":13},"end":{"line":22,"column":33}},"type":"binary-expr","locations":[{"start":{"line":22,"column":13},"end":{"line":22,"column":23}},{"start":{"line":22,"column":27},"end":{"line":22,"column":33}}],"line":22},"4":{"loc":{"start":{"line":25,"column":12},"end":{"line":25,"column":40}},"type":"binary-expr","locations":[{"start":{"line":25,"column":12},"end":{"line":25,"column":22}},{"start":{"line":25,"column":26},"end":{"line":25,"column":34}},{"start":{"line":25,"column":38},"end":{"line":25,"column":40}}],"line":25},"5":{"loc":{"start":{"line":28,"column":19},"end":{"line":28,"column":42}},"type":"binary-expr","locations":[{"start":{"line":28,"column":19},"end":{"line":28,"column":36}},{"start":{"line":28,"column":40},"end":{"line":28,"column":42}}],"line":28},"6":{"loc":{"start":{"line":30,"column":13},"end":{"line":30,"column":30}},"type":"binary-expr","locations":[{"start":{"line":30,"column":13},"end":{"line":30,"column":24}},{"start":{"line":30,"column":28},"end":{"line":30,"column":30}}],"line":30},"7":{"loc":{"start":{"line":35,"column":4},"end":{"line":38,"column":5}},"type":"if","locations":[{"start":{"line":35,"column":4},"end":{"line":38,"column":5}},{"start":{},"end":{}}],"line":35},"8":{"loc":{"start":{"line":37,"column":6},"end":{"line":37,"column":49}},"type":"if","locations":[{"start":{"line":37,"column":6},"end":{"line":37,"column":49}},{"start":{},"end":{}}],"line":37},"9":{"loc":{"start":{"line":41,"column":4},"end":{"line":41,"column":59}},"type":"if","locations":[{"start":{"line":41,"column":4},"end":{"line":41,"column":59}},{"start":{},"end":{}}],"line":41},"10":{"loc":{"start":{"line":44,"column":4},"end":{"line":46,"column":5}},"type":"if","locations":[{"start":{"line":44,"column":4},"end":{"line":46,"column":5}},{"start":{},"end":{}}],"line":44},"11":{"loc":{"start":{"line":44,"column":8},"end":{"line":44,"column":62}},"type":"binary-expr","locations":[{"start":{"line":44,"column":8},"end":{"line":44,"column":23}},{"start":{"line":44,"column":27},"end":{"line":44,"column":62}}],"line":44}},"s":{"0":1,"1":3,"2":3,"3":4,"4":4,"5":4,"6":4,"7":10,"8":10,"9":10,"10":10,"11":8,"12":10,"13":10,"14":1,"15":1,"16":1,"17":9,"18":9,"19":1,"20":8,"21":8,"22":0,"23":8},"f":{"0":3,"1":4,"2":4,"3":4,"4":10,"5":10},"b":{"0":[4,3],"1":[4,3],"2":[8,2],"3":[8,0],"4":[10,1,1],"5":[10,8],"6":[10,9],"7":[1,9],"8":[1,0],"9":[1,8],"10":[0,8],"11":[8,0]},"_coverageSchema":"1a1c01bbd47fc00a2c39e90264f33305004495a9","hash":"adb3de87778257e0f9186a8db67312b2118f7d66"}
,"C:\\Users\\tl\\Documents\\project\\tools\\chrome-extension-auto-fill\\utils\\storage.js": {"path":"C:\\Users\\tl\\Documents\\project\\tools\\chrome-extension-auto-fill\\utils\\storage.js","statementMap":{"0":{"start":{"line":1,"column":21},"end":{"line":36,"column":1}},"1":{"start":{"line":3,"column":19},"end":{"line":3,"column":61}},"2":{"start":{"line":4,"column":4},"end":{"line":4,"column":33}},"3":{"start":{"line":8,"column":21},"end":{"line":8,"column":45}},"4":{"start":{"line":9,"column":26},"end":{"line":9,"column":74}},"5":{"start":{"line":9,"column":50},"end":{"line":9,"column":73}},"6":{"start":{"line":10,"column":4},"end":{"line":14,"column":5}},"7":{"start":{"line":11,"column":6},"end":{"line":11,"column":40}},"8":{"start":{"line":13,"column":6},"end":{"line":13,"column":29}},"9":{"start":{"line":15,"column":4},"end":{"line":15,"column":49}},"10":{"start":{"line":19,"column":21},"end":{"line":19,"column":45}},"11":{"start":{"line":20,"column":21},"end":{"line":20,"column":58}},"12":{"start":{"line":20,"column":42},"end":{"line":20,"column":57}},"13":{"start":{"line":21,"column":4},"end":{"line":21,"column":59}},"14":{"start":{"line":25,"column":19},"end":{"line":25,"column":59}},"15":{"start":{"line":26,"column":4},"end":{"line":26,"column":31}},"16":{"start":{"line":30,"column":4},"end":{"line":30,"column":47}},"17":{"start":{"line":34,"column":4},"end":{"line":34,"column":39}}},"fnMap":{"0":{"name":"(anonymous_0)","decl":{"start":{"line":2,"column":2},"end":{"line":2,"column":3}},"loc":{"start":{"line":2,"column":22},"end":{"line":5,"column":3}},"line":2},"1":{"name":"(anonymous_1)","decl":{"start":{"line":7,"column":2},"end":{"line":7,"column":3}},"loc":{"start":{"line":7,"column":29},"end":{"line":16,"column":3}},"line":7},"2":{"name":"(anonymous_2)","decl":{"start":{"line":9,"column":45},"end":{"line":9,"column":46}},"loc":{"start":{"line":9,"column":50},"end":{"line":9,"column":73}},"line":9},"3":{"name":"(anonymous_3)","decl":{"start":{"line":18,"column":2},"end":{"line":18,"column":3}},"loc":{"start":{"line":18,"column":28},"end":{"line":22,"column":3}},"line":18},"4":{"name":"(anonymous_4)","decl":{"start":{"line":20,"column":37},"end":{"line":20,"column":38}},"loc":{"start":{"line":20,"column":42},"end":{"line":20,"column":57}},"line":20},"5":{"name":"(anonymous_5)","decl":{"start":{"line":24,"column":2},"end":{"line":24,"column":3}},"loc":{"start":{"line":24,"column":20},"end":{"line":27,"column":3}},"line":24},"6":{"name":"(anonymous_6)","decl":{"start":{"line":29,"column":2},"end":{"line":29,"column":3}},"loc":{"start":{"line":29,"column":27},"end":{"line":31,"column":3}},"line":29},"7":{"name":"(anonymous_7)","decl":{"start":{"line":33,"column":2},"end":{"line":33,"column":3}},"loc":{"start":{"line":33,"column":20},"end":{"line":35,"column":3}},"line":33}},"branchMap":{"0":{"loc":{"start":{"line":4,"column":11},"end":{"line":4,"column":32}},"type":"binary-expr","locations":[{"start":{"line":4,"column":11},"end":{"line":4,"column":26}},{"start":{"line":4,"column":30},"end":{"line":4,"column":32}}],"line":4},"1":{"loc":{"start":{"line":10,"column":4},"end":{"line":14,"column":5}},"type":"if","locations":[{"start":{"line":10,"column":4},"end":{"line":14,"column":5}},{"start":{"line":12,"column":11},"end":{"line":14,"column":5}}],"line":10},"2":{"loc":{"start":{"line":26,"column":11},"end":{"line":26,"column":30}},"type":"binary-expr","locations":[{"start":{"line":26,"column":11},"end":{"line":26,"column":24}},{"start":{"line":26,"column":28},"end":{"line":26,"column":30}}],"line":26}},"s":{"0":2,"1":4,"2":4,"3":2,"4":2,"5":1,"6":2,"7":1,"8":1,"9":2,"10":1,"11":1,"12":1,"13":1,"14":2,"15":2,"16":1,"17":0},"f":{"0":4,"1":2,"2":1,"3":1,"4":1,"5":2,"6":1,"7":0},"b":{"0":[4,0],"1":[1,1],"2":[2,1]},"_coverageSchema":"1a1c01bbd47fc00a2c39e90264f33305004495a9","hash":"dfe6ff326c9b94e9e2b6be675bf973d5676b2c0e"}
}
