TN:
SF:background.js
FN:6,(anonymous_0)
FN:10,(anonymous_1)
FN:11,(anonymous_2)
FN:17,(anonymous_3)
FN:18,(anonymous_4)
FN:23,handleOpenRouterCall
FN:44,(anonymous_6)
FNF:7
FNH:6
FNDA:9,(anonymous_0)
FNDA:3,(anonymous_1)
FNDA:1,(anonymous_2)
FNDA:3,(anonymous_3)
FNDA:2,(anonymous_4)
FNDA:5,handleOpenRouterCall
FNDA:0,(anonymous_6)
DA:4,10
DA:6,10
DA:7,9
DA:8,4
DA:9,4
DA:10,3
DA:11,1
DA:12,4
DA:15,5
DA:16,5
DA:17,3
DA:18,2
DA:19,5
DA:24,5
DA:25,5
DA:26,1
DA:29,4
DA:43,4
DA:44,1
DA:45,1
DA:48,3
DA:49,3
LF:22
LH:22
BRDA:7,0,0,4
BRDA:7,0,1,5
BRDA:15,1,0,5
BRDA:15,1,1,0
BRDA:25,2,0,1
BRDA:25,2,1,4
BRDA:43,3,0,1
BRDA:43,3,1,3
BRDA:45,4,0,1
BRDA:45,4,1,0
BRF:10
BRH:8
end_of_record
TN:
SF:content.js
FN:3,(anonymous_0)
FNF:1
FNH:1
FNDA:5,(anonymous_0)
DA:3,6
DA:4,5
DA:5,2
DA:6,2
DA:9,5
DA:10,3
DA:11,3
DA:12,0
DA:13,0
DA:14,0
DA:15,0
DA:16,0
DA:18,0
DA:22,2
DA:23,0
DA:24,0
DA:25,0
DA:26,0
DA:27,0
DA:28,0
DA:29,0
DA:31,0
DA:35,2
LF:23
LH:9
BRDA:4,0,0,2
BRDA:4,0,1,3
BRDA:9,1,0,3
BRDA:9,1,1,2
BRDA:12,2,0,0
BRDA:12,2,1,0
BRDA:22,3,0,0
BRDA:22,3,1,2
BRDA:25,4,0,0
BRDA:25,4,1,0
BRF:10
BRH:5
end_of_record
TN:
SF:utils\ai-filler.js
FN:4,(anonymous_0)
FN:10,(anonymous_1)
FN:11,(anonymous_2)
FN:16,(anonymous_3)
FN:31,(anonymous_4)
FN:34,(anonymous_5)
FN:35,(anonymous_6)
FN:44,(anonymous_7)
FNF:8
FNH:8
FNDA:2,(anonymous_0)
FNDA:3,(anonymous_1)
FNDA:4,(anonymous_2)
FNDA:4,(anonymous_3)
FNDA:2,(anonymous_4)
FNDA:2,(anonymous_5)
FNDA:3,(anonymous_6)
FNDA:1,(anonymous_7)
DA:3,1
DA:5,2
DA:6,2
DA:7,2
DA:11,3
DA:12,4
DA:15,3
DA:16,4
DA:19,3
DA:32,2
DA:33,2
DA:34,1
DA:35,3
DA:36,2
DA:43,1
DA:44,1
LF:16
LH:16
BRDA:12,0,0,4
BRDA:12,0,1,0
BRDA:38,1,0,2
BRDA:38,1,1,0
BRDA:39,2,0,2
BRDA:39,2,1,0
BRF:6
BRH:3
end_of_record
TN:
SF:utils\api.js
FN:2,(anonymous_0)
FN:3,(anonymous_1)
FN:6,(anonymous_2)
FNF:3
FNH:3
FNDA:3,(anonymous_0)
FNDA:3,(anonymous_1)
FNDA:3,(anonymous_2)
DA:1,1
DA:3,3
DA:4,3
DA:7,3
DA:8,1
DA:9,1
DA:12,2
DA:13,1
DA:15,1
LF:9
LH:9
BRDA:7,0,0,1
BRDA:7,0,1,2
BRDA:12,1,0,1
BRDA:12,1,1,1
BRF:4
BRH:4
end_of_record
TN:
SF:utils\form-detector.js
FN:2,(anonymous_0)
FN:4,(anonymous_1)
FN:12,(anonymous_2)
FN:14,(anonymous_3)
FN:17,(anonymous_4)
FN:34,(anonymous_5)
FNF:6
FNH:6
FNDA:3,(anonymous_0)
FNDA:4,(anonymous_1)
FNDA:4,(anonymous_2)
FNDA:4,(anonymous_3)
FNDA:10,(anonymous_4)
FNDA:10,(anonymous_5)
DA:1,1
DA:3,3
DA:4,4
DA:13,4
DA:14,4
DA:18,10
DA:19,10
DA:20,10
DA:21,10
DA:22,8
DA:24,10
DA:35,10
DA:36,1
DA:37,1
DA:40,9
DA:41,9
DA:43,8
DA:44,8
DA:45,0
DA:48,8
LF:20
LH:19
BRDA:6,0,0,4
BRDA:6,0,1,3
BRDA:7,1,0,4
BRDA:7,1,1,3
BRDA:21,2,0,8
BRDA:21,2,1,2
BRDA:22,3,0,8
BRDA:22,3,1,0
BRDA:25,4,0,10
BRDA:25,4,1,1
BRDA:25,4,2,1
BRDA:28,5,0,10
BRDA:28,5,1,8
BRDA:30,6,0,10
BRDA:30,6,1,9
BRDA:35,7,0,1
BRDA:35,7,1,9
BRDA:37,8,0,1
BRDA:37,8,1,0
BRDA:41,9,0,1
BRDA:41,9,1,8
BRDA:44,10,0,0
BRDA:44,10,1,8
BRDA:44,11,0,8
BRDA:44,11,1,0
BRF:25
BRH:21
end_of_record
TN:
SF:utils\storage.js
FN:2,(anonymous_0)
FN:7,(anonymous_1)
FN:9,(anonymous_2)
FN:18,(anonymous_3)
FN:20,(anonymous_4)
FN:24,(anonymous_5)
FN:29,(anonymous_6)
FN:33,(anonymous_7)
FNF:8
FNH:7
FNDA:4,(anonymous_0)
FNDA:2,(anonymous_1)
FNDA:1,(anonymous_2)
FNDA:1,(anonymous_3)
FNDA:1,(anonymous_4)
FNDA:2,(anonymous_5)
FNDA:1,(anonymous_6)
FNDA:0,(anonymous_7)
DA:1,2
DA:3,4
DA:4,4
DA:8,2
DA:9,2
DA:10,2
DA:11,1
DA:13,1
DA:15,2
DA:19,1
DA:20,1
DA:21,1
DA:25,2
DA:26,2
DA:30,1
DA:34,0
LF:16
LH:15
BRDA:4,0,0,4
BRDA:4,0,1,0
BRDA:10,1,0,1
BRDA:10,1,1,1
BRDA:26,2,0,2
BRDA:26,2,1,1
BRF:6
BRH:5
end_of_record
